<?xml version="1.0" encoding="UTF-8"?>
<!-- Generated by org.testng.reporters.JUnitReportReporter -->
<testsuite skipped="0" hostname="LAPTOP-7FSUIB7C" name="Pruebas.Laboratorio3_E1" tests="1" failures="0" timestamp="2020-05-20T08:44:44 ART" time="0.952" errors="0">
  <testcase name="registroUsuario" time="0.952" classname="Pruebas.Laboratorio3_E1"/>
  <system-out/>
</testsuite> <!-- Pruebas.Laboratorio3_E1 -->
