<?xml version="1.0" encoding="UTF-8"?>
<!-- Generated by org.testng.reporters.JUnitReportReporter -->
<testsuite skipped="0" hostname="LAPTOP-7FSUIB7C" name="Pruebas.Laboratorio4_E1" tests="4" failures="0" timestamp="2020-05-20T20:59:09 ART" time="6.686" errors="0">
  <testcase name="f" time="1.504" classname="Pruebas.Laboratorio4_E1"/>
  <system-out/>
  <testcase name="ingreso" time="1.828" classname="Pruebas.Laboratorio4_E1"/>
  <system-out/>
  <testcase name="ingreso" time="1.828" classname="Pruebas.Laboratorio4_E1"/>
  <system-out/>
  <testcase name="ingreso" time="1.526" classname="Pruebas.Laboratorio4_E1"/>
  <system-out/>
</testsuite> <!-- Pruebas.Laboratorio4_E1 -->
