<?xml version="1.0" encoding="UTF-8"?>
<!-- Generated by org.testng.reporters.JUnitReportReporter -->
<testsuite skipped="0" hostname="LAPTOP-7FSUIB7C" name="Pruebas.Test_Laboratorio4_E1" tests="4" failures="0" timestamp="2020-07-15T22:03:02 ART" time="6.117" errors="0">
  <testcase name="f" time="0.998" classname="Pruebas.Test_Laboratorio4_E1"/>
  <system-out/>
  <testcase name="ingreso" time="1.941" classname="Pruebas.Test_Laboratorio4_E1"/>
  <system-out/>
  <testcase name="ingreso" time="1.612" classname="Pruebas.Test_Laboratorio4_E1"/>
  <system-out/>
  <testcase name="ingreso" time="1.566" classname="Pruebas.Test_Laboratorio4_E1"/>
  <system-out/>
</testsuite> <!-- Pruebas.Test_Laboratorio4_E1 -->
