<?xml version="1.0" encoding="UTF-8"?>
<!-- Generated by org.testng.reporters.JUnitReportReporter -->
<testsuite skipped="0" hostname="LAPTOP-7FSUIB7C" name="Pruebas.Laboratorio3_E2" tests="2" failures="0" timestamp="2020-05-20T09:28:44 ART" time="3.493" errors="0">
  <testcase name="f" time="1.247" classname="Pruebas.Laboratorio3_E2"/>
  <system-out/>
  <testcase name="ingreso" time="2.246" classname="Pruebas.Laboratorio3_E2"/>
  <system-out/>
</testsuite> <!-- Pruebas.Laboratorio3_E2 -->
